<?xml version="1.0" encoding="UTF-8"?>
<!-- Generated by org.testng.reporters.JUnitXMLReporter -->
<testsuite hostname="ankiagra-WX-3" ignored="0" name="CarLoan" tests="6" failures="0" timestamp="17 Apr 2021 21:24:55 GMT" time="0.039" errors="0">
  <testcase name="Demo" time="0.004" classname="TestNGExamples.CarLoan"/>
  <testcase name="Login" time="0.004" classname="TestNGExamples.CarLoan"/>
  <testcase name="LoginAPICarLoan" time="0.002" classname="TestNGExamples.CarLoan"/>
  <testcase name="MobileLoginCarLoan" time="0.002" classname="TestNGExamples.CarLoan"/>
  <testcase name="MobileLogoutCarLoan" time="0.002" classname="TestNGExamples.CarLoan"/>
  <testcase name="WebLoginCarLoan" time="0.002" classname="TestNGExamples.CarLoan"/>
</testsuite> <!-- CarLoan -->
