<?xml version="1.0" encoding="UTF-8"?>
<!-- Generated by org.testng.reporters.JUnitXMLReporter -->
<testsuite hostname="ankiagra-WX-3" ignored="0" name="Default test" tests="3" failures="0" timestamp="17 Apr 2021 21:48:17 GMT" time="0.034" errors="0">
  <testcase name="getUser" time="0.006" classname="TestNGExamples.TestNGDataProviderAnnotation2"/>
  <testcase name="getUser" time="0.001" classname="TestNGExamples.TestNGDataProviderAnnotation2"/>
  <testcase name="getUser" time="0.001" classname="TestNGExamples.TestNGDataProviderAnnotation2"/>
</testsuite> <!-- Default test -->
