<?xml version="1.0" encoding="UTF-8"?>
<!-- Generated by org.testng.reporters.JUnitXMLReporter -->
<testsuite hostname="ankiagra-WX-3" ignored="0" name="Car Loan" tests="9" failures="0" timestamp="17 Apr 2021 18:38:25 GMT" time="0.011" errors="0">
  <testcase name="Demo" time="0.0" classname="TestNGExamples.CarLoan"/>
  <testcase name="LoginAPICarLoan" time="0.0" classname="TestNGExamples.CarLoan"/>
  <testcase name="MobileLoginCarLoan" time="0.001" classname="TestNGExamples.CarLoan"/>
  <testcase name="MobileLogoutCarLoan" time="0.001" classname="TestNGExamples.CarLoan"/>
  <testcase name="WebLoginCarLoan" time="0.001" classname="TestNGExamples.CarLoan"/>
  <testcase name="Demo" time="0.0" classname="TestNGExamples.HomeLoan"/>
  <testcase name="LoginAPIHomeLoan" time="0.0" classname="TestNGExamples.HomeLoan"/>
  <testcase name="MobileLoginHomeLoan" time="0.0" classname="TestNGExamples.HomeLoan"/>
  <testcase name="WebLoginHomeLoan" time="0.0" classname="TestNGExamples.HomeLoan"/>
</testsuite> <!-- Car Loan -->
