<?xml version="1.0" encoding="UTF-8"?>
<!-- Generated by org.testng.reporters.JUnitXMLReporter -->
<testsuite hostname="ankiagra-WX-3" ignored="0" name="Car Loan" tests="3" failures="0" timestamp="17 Apr 2021 20:10:14 GMT" time="0.049" errors="0">
  <testcase name="LoginAPIHomeLoan" time="0.006" classname="TestNGExamples.TestNGAnnotations"/>
  <testcase name="MobileLoginCarLoan" time="0.003" classname="TestNGExamples.TestNGAnnotations"/>
  <testcase name="WebLoginCarLoan" time="0.002" classname="TestNGExamples.TestNGAnnotations"/>
</testsuite> <!-- Car Loan -->
