<?xml version="1.0" encoding="UTF-8"?>
<!-- Generated by org.testng.reporters.JUnitXMLReporter -->
<testsuite hostname="ankiagra-WX-3" ignored="2" name="Car Loan" tests="3" failures="0" timestamp="17 Apr 2021 18:38:25 GMT" time="0.006" errors="0">
  <testcase name="Demo" time="0.001" classname="TestNGExamples.CarLoan"/>
  <testcase name="LoginAPICarLoan" time="0.001" classname="TestNGExamples.CarLoan"/>
  <testcase name="WebLoginCarLoan" time="0.001" classname="TestNGExamples.CarLoan"/>
  <testcase name="MobileLoginCarLoan" time="0.0" classname="TestNGExamples.CarLoan">
    <ignored/>
  </testcase> <!-- MobileLoginCarLoan -->
  <testcase name="MobileLogoutCarLoan" time="0.0" classname="TestNGExamples.CarLoan">
    <ignored/>
  </testcase> <!-- MobileLogoutCarLoan -->
</testsuite> <!-- Car Loan -->
