<?xml version="1.0" encoding="UTF-8"?>
<!-- Generated by org.testng.reporters.JUnitXMLReporter -->
<testsuite hostname="ankiagra-WX-3" ignored="3" name="Home Loan" tests="1" failures="0" timestamp="17 Apr 2021 18:38:25 GMT" time="0.002" errors="0">
  <testcase name="LoginAPIHomeLoan" time="0.001" classname="TestNGExamples.HomeLoan"/>
  <testcase name="MobileLoginHomeLoan" time="0.0" classname="TestNGExamples.HomeLoan">
    <ignored/>
  </testcase> <!-- MobileLoginHomeLoan -->
  <testcase name="WebLoginHomeLoan" time="0.0" classname="TestNGExamples.HomeLoan">
    <ignored/>
  </testcase> <!-- WebLoginHomeLoan -->
  <testcase name="Demo" time="0.0" classname="TestNGExamples.HomeLoan">
    <ignored/>
  </testcase> <!-- Demo -->
</testsuite> <!-- Home Loan -->
